<?xml version="1.0" encoding="UTF-8"?>
<testng-results skipped="0" failed="0" ignored="0" total="2" passed="2">
  <reporter-output>
  </reporter-output>
  <suite name="Default suite" duration-ms="55" started-at="2023-01-30T17:50:07 IST" finished-at="2023-01-30T17:50:07 IST">
    <groups>
    </groups>
    <test name="Default test" duration-ms="55" started-at="2023-01-30T17:50:07 IST" finished-at="2023-01-30T17:50:07 IST">
      <class name="Annotations.DataProviderExample">
        <test-method status="PASS" signature="loginTest(java.lang.String, java.lang.String)[pri:0, instance:Annotations.DataProviderExample@33f88ab]" name="loginTest" duration-ms="6" started-at="2023-01-30T17:50:07 IST" data-provider="Login" finished-at="2023-01-30T17:50:07 IST">
          <params>
            <param index="0">
              <value>
                <![CDATA[abcd]]>
              </value>
            </param>
            <param index="1">
              <value>
                <![CDATA[abc]]>
              </value>
            </param>
          </params>
          <reporter-output>
          </reporter-output>
        </test-method> <!-- loginTest -->
        <test-method status="PASS" signature="loginTest(java.lang.String, java.lang.String)[pri:0, instance:Annotations.DataProviderExample@33f88ab]" name="loginTest" duration-ms="1" started-at="2023-01-30T17:50:07 IST" data-provider="Login" finished-at="2023-01-30T17:50:07 IST">
          <params>
            <param index="0">
              <value>
                <![CDATA[asdvb]]>
              </value>
            </param>
            <param index="1">
              <value>
                <![CDATA[asd]]>
              </value>
            </param>
          </params>
          <reporter-output>
          </reporter-output>
        </test-method> <!-- loginTest -->
      </class> <!-- Annotations.DataProviderExample -->
    </test> <!-- Default test -->
  </suite> <!-- Default suite -->
</testng-results>
